<?xml version="1.0" encoding="UTF-8"?>
<!-- Generated by org.testng.reporters.JUnitXMLReporter -->
<testsuite hostname="LP-T398" ignored="0" name="SELENIUM-1827" tests="1" failures="1" timestamp="2024-02-02T16:27:08 IST" time="219.131" errors="0">
  <testcase name="main" time="217.982" classname="com.steepgraph.ta.framework.App">
    <failure type="java.lang.AssertionError" message="Input XML: testsuites\\SELENIUM-1827\\SELENIUM-1827.xml, Suite:TestPlan, Test Case:SELENIUM-1827, Element Name: Logout, AttributeMap : {}, Frame Name :  : Exception Expected condition failed: waiting for com.steepgraph.ta.framework.common.pages.Driver$2@5dd5422f (tried for 30 second(s) with 5000 milliseconds interval)">
      <![CDATA[java.lang.AssertionError: Input XML: testsuites\\SELENIUM-1827\\SELENIUM-1827.xml, Suite:TestPlan, Test Case:SELENIUM-1827, Element Name: Logout, AttributeMap : {}, Frame Name :  : Exception Expected condition failed: waiting for com.steepgraph.ta.framework.common.pages.Driver$2@5dd5422f (tried for 30 second(s) with 5000 milliseconds interval)
at com.steepgraph.ta.framework.App.main(App.java:351)
at java.util.ArrayList.forEach(Unknown Source)
at com.steepgraph.ta.framework.MasterApp.start(MasterApp.java:214)
at com.steepgraph.ta.framework.Launcher.main(Launcher.java:14)
... Removed 25 stack frames]]>
    </failure>
  </testcase> <!-- main -->
</testsuite> <!-- SELENIUM-1827 -->
