<?xml version="1.0" encoding="UTF-8"?>
<!-- Generated by org.testng.reporters.JUnitXMLReporter -->
<testsuite hostname="LP-T398" ignored="0" name="SELENIUM-1437" tests="1" failures="1" timestamp="2024-02-07T11:48:20 IST" time="28.323" errors="0">
  <testcase name="main" time="27.64" classname="com.steepgraph.ta.framework.App">
    <failure type="java.lang.AssertionError" message="Input XML: testsuites\\SELENIUM-1437\\SELENIUM-1437.xml, Suite:TestPlan, Test Case:SELENIUM-1437, Element Name: SetContent, AttributeMap : {locatorType=id, locatorExpression=DescriptionId, id=null}, Frame Name : slideInFrame : Exception Column header is not defined for the attribute">
      <![CDATA[java.lang.AssertionError: Input XML: testsuites\\SELENIUM-1437\\SELENIUM-1437.xml, Suite:TestPlan, Test Case:SELENIUM-1437, Element Name: SetContent, AttributeMap : {locatorType=id, locatorExpression=DescriptionId, id=null}, Frame Name : slideInFrame : Exception Column header is not defined for the attribute
at com.steepgraph.ta.framework.App.main(App.java:351)
at java.util.ArrayList.forEach(Unknown Source)
at com.steepgraph.ta.framework.MasterApp.start(MasterApp.java:214)
at com.steepgraph.ta.framework.Launcher.main(Launcher.java:14)
... Removed 25 stack frames]]>
    </failure>
  </testcase> <!-- main -->
</testsuite> <!-- SELENIUM-1437 -->
