<?xml version="1.0" encoding="UTF-8"?>
<!-- Generated by org.testng.reporters.JUnitXMLReporter -->
<testsuite hostname="LP-T398" ignored="0" name="SELENIUM-1445" tests="1" failures="1" timestamp="2024-02-20T11:34:39 IST" time="2.916" errors="0">
  <testcase name="main" time="2.221" classname="com.steepgraph.ta.framework.App">
    <failure type="java.lang.AssertionError" message="Input XML: testsuites\\SELENIUM-1445\\SELENIUM-1445.xml, Suite:TestPlan, Test Case:SELENIUM-1445, : Exception null">
      <![CDATA[java.lang.AssertionError: Input XML: testsuites\\SELENIUM-1445\\SELENIUM-1445.xml, Suite:TestPlan, Test Case:SELENIUM-1445, : Exception null
at com.steepgraph.ta.framework.App.main(App.java:390)
at java.util.ArrayList.forEach(Unknown Source)
at com.steepgraph.ta.framework.MasterApp.start(MasterApp.java:214)
at com.steepgraph.ta.framework.Launcher.main(Launcher.java:14)
... Removed 25 stack frames]]>
    </failure>
  </testcase> <!-- main -->
</testsuite> <!-- SELENIUM-1445 -->
