<?xml version="1.0" encoding="UTF-8"?>
<!-- Generated by org.testng.reporters.JUnitXMLReporter -->
<testsuite hostname="LP-T398" ignored="0" name="SELENIUM-1321" tests="1" failures="1" timestamp="2024-02-10T23:50:22 IST" time="32.875" errors="0">
  <testcase name="main" time="31.707" classname="com.steepgraph.ta.framework.App">
    <failure type="java.lang.AssertionError" message="Input XML: testsuites\\SELENIUM-1321\\SELENIUM-1321.xml, Suite:TestPlan, Test Case:SELENIUM-1321, Element Name: AssertPageLoadTime, AttributeMap : {input=1500, condition=contains, id=createRoute}, Frame Name : ModalDialog1707589213767 : Exception Please choose correct condition, Your condition is :contains">
      <![CDATA[java.lang.AssertionError: Input XML: testsuites\\SELENIUM-1321\\SELENIUM-1321.xml, Suite:TestPlan, Test Case:SELENIUM-1321, Element Name: AssertPageLoadTime, AttributeMap : {input=1500, condition=contains, id=createRoute}, Frame Name : ModalDialog1707589213767 : Exception Please choose correct condition, Your condition is :contains
at com.steepgraph.ta.framework.App.main(App.java:390)
at java.util.ArrayList.forEach(Unknown Source)
at com.steepgraph.ta.framework.MasterApp.start(MasterApp.java:214)
at com.steepgraph.ta.framework.Launcher.main(Launcher.java:14)
... Removed 25 stack frames]]>
    </failure>
  </testcase> <!-- main -->
</testsuite> <!-- SELENIUM-1321 -->
