<?xml version="1.0" encoding="UTF-8"?>
<!-- Generated by org.testng.reporters.JUnitXMLReporter -->
<testsuite hostname="LP-T398" ignored="0" name="TC_105_11" tests="1" failures="1" timestamp="2024-01-29T17:03:06 IST" time="11.345" errors="0">
  <testcase name="main" time="10.639" classname="com.steepgraph.ta.framework.App">
    <failure type="java.lang.AssertionError" message="Input XML: testsuites\\TC_105_11\\TC_105_11.xml, Suite:TestPlan, Test Case:TC_105_11, Element Name: RunMQL, AttributeMap : {result=policy EC Part, condition=contains}, Frame Name : 81154998 : Exception mql is given in csv file.">
      <![CDATA[java.lang.AssertionError: Input XML: testsuites\\TC_105_11\\TC_105_11.xml, Suite:TestPlan, Test Case:TC_105_11, Element Name: RunMQL, AttributeMap : {result=policy EC Part, condition=contains}, Frame Name : 81154998 : Exception mql is given in csv file.
at com.steepgraph.ta.framework.App.main(App.java:351)
at java.util.ArrayList.forEach(Unknown Source)
at com.steepgraph.ta.framework.MasterApp.start(MasterApp.java:214)
at com.steepgraph.ta.framework.Launcher.main(Launcher.java:14)
... Removed 25 stack frames]]>
    </failure>
  </testcase> <!-- main -->
</testsuite> <!-- TC_105_11 -->
