<?xml version="1.0" encoding="UTF-8"?>
<!-- Generated by org.testng.reporters.JUnitXMLReporter -->
<testsuite hostname="LP-T398" ignored="0" name="TC_105_14" tests="1" failures="1" timestamp="2024-01-29T17:34:25 IST" time="12.054" errors="0">
  <testcase name="main" time="11.339" classname="com.steepgraph.ta.framework.App">
    <failure type="java.lang.AssertionError" message="Input XML: testsuites\\TC_105_14\\TC_105_14.xml, Suite:TestPlan, Test Case:TC_105_14, Element Name: RunMQL, AttributeMap : {condition=faafafaf, id=runMqlTNR}, Frame Name : 91127897 : Exception condition does not exist in TAS.">
      <![CDATA[java.lang.AssertionError: Input XML: testsuites\\TC_105_14\\TC_105_14.xml, Suite:TestPlan, Test Case:TC_105_14, Element Name: RunMQL, AttributeMap : {condition=faafafaf, id=runMqlTNR}, Frame Name : 91127897 : Exception condition does not exist in TAS.
at com.steepgraph.ta.framework.App.main(App.java:351)
at java.util.ArrayList.forEach(Unknown Source)
at com.steepgraph.ta.framework.MasterApp.start(MasterApp.java:214)
at com.steepgraph.ta.framework.Launcher.main(Launcher.java:14)
... Removed 25 stack frames]]>
    </failure>
  </testcase> <!-- main -->
</testsuite> <!-- TC_105_14 -->
