<?xml version="1.0" encoding="UTF-8"?>
<!-- Generated by org.testng.reporters.JUnitXMLReporter -->
<testsuite hostname="LP-T398" ignored="0" name="TC_105_15" tests="1" failures="1" timestamp="2024-01-29T17:15:56 IST" time="11.732" errors="0">
  <testcase name="main" time="11.008" classname="com.steepgraph.ta.framework.App">
    <failure type="java.lang.AssertionError" message="Input XML: testsuites\\TC_105_15\\TC_105_15.xml, Suite:TestPlan, Test Case:TC_105_15, Element Name: RunMQL, AttributeMap : {condition=, id=runMqlTNR}, Frame Name : 98517503 : Exception Column header is not defined for the attribute">
      <![CDATA[java.lang.AssertionError: Input XML: testsuites\\TC_105_15\\TC_105_15.xml, Suite:TestPlan, Test Case:TC_105_15, Element Name: RunMQL, AttributeMap : {condition=, id=runMqlTNR}, Frame Name : 98517503 : Exception Column header is not defined for the attribute
at com.steepgraph.ta.framework.App.main(App.java:351)
at java.util.ArrayList.forEach(Unknown Source)
at com.steepgraph.ta.framework.MasterApp.start(MasterApp.java:214)
at com.steepgraph.ta.framework.Launcher.main(Launcher.java:14)
... Removed 25 stack frames]]>
    </failure>
  </testcase> <!-- main -->
</testsuite> <!-- TC_105_15 -->
