<?xml version="1.0" encoding="UTF-8"?>
<!-- Generated by org.testng.reporters.JUnitXMLReporter -->
<testsuite hostname="LP-T398" ignored="0" name="TC_105_08" tests="1" failures="1" timestamp="2024-01-29T16:47:40 IST" time="11.917" errors="0">
  <testcase name="main" time="11.192" classname="com.steepgraph.ta.framework.App">
    <failure type="java.lang.AssertionError" message="Input XML: testsuites\\TC_105_08\\TC_105_08.xml, Suite:TestPlan, Test Case:TC_105_08, Element Name: RunMQL, AttributeMap : {result=policy EC Part, condition=&amp;lt;, id=runMqlTNR}, Frame Name : 66895771 : Exception For input string: &amp;apos;BusinessObject Part Part-0000100-01 A /n   lattice eService Production /n   policy EC Part /n   description  /n   created 3/11/2023 10:39:25 AM /n   modified 3/11/2023 10:39:38 AM /n   owner 3DEXP01 /n   organization Company Name /n   project Common Space /n   unlocked /n   locking not enforced /n   Originator 3DEXP01 /n   Weight 0.0 /n   End Item Override Enabled Yes /n   V_Name Part-0000100-01 /n   VPLM Image  /n   isVPMVisible FALSE /n   Lead Time Duration 0.0 /n   UOM Type Proportion /n   Change Controlled False /n   Release Phase Development /n   Part Classification Unassigned /n   Effectivity Date  /n   Estimated Cost 0.0 /n   Material Category Metal /n   Production Make Buy Code Unassigned /n   Service Make Buy Code Unassigned /n   Target Cost 0.0 /n   Unit of Measure EA (each) /n   Spare Part No /n   Current Version 0 /n   Is Version FALSE /n   All Level MBOM Generated FALSE /n   Design Purchase Design /n   End Item No /n   Notes  /n   Calculated Compliances  /n   Import Date  /n   Import File  /n   J-STD-020 Moisture Sensitivity Level Unassigned /n   Last Rollup Timestamp  /n   Maximum Cycles At Maximum Temperature Unassigned /n   Maximum Temperature Rating  /n   Maximum Time At Maximum Temperature 0.0 /n   Modified Timestamp  /n   Part Application  /n   Percent Absolute Weight Deviation 0.0 /n   Percent Measured Contained Recyclate 0.0 /n   Percent Post Consumer Recyclate 0.0 /n   Percent Post Industrial Recyclate 0.0 /n   Percent Released Contained Recyclate 0.0 /n   Polymeric Marking Unassigned /n   Recycling Code Standards  /n   Calculated Exemptions  /n   Reduction Plan No /n   Sample Part Availability Date  /n   Selected Equivalent Method Worst Case /n   Terminal Plating Surface Finish Unassigned /n   Termination Base Alloy Unassigned /n   China RoHS Part Classification  /n   IMDS IDs Status Unset /n   IMDS Component Module ID  /n   IMDS Component Node ID  /n   IMDS Component Version  /n   IMDS Semicomponent Module ID  /n   IMDS Semicomponent Node ID  /n   IMDS Semicomponent Version  /n   IMDS Status Unassigned /n   IMDS IDs Saved State  /n   Annual Number of EU Units Imported 1 /n   Calculated Materials  /n   Calculated Eligible Product Level Applications  /n   Calculated Material Classifications  /n   Calculated Violations  /n   Leaf Part No /n   Calculated Applications Weight  /n   Calculated Substance Classifications Base  /n   Calculated Substances Base  /n   Calculated RRR Materials  /n   Calculated Violations Base  /n   Part RRR Classification  /n   RRR Recoverability Rate 0.0 /n   RRR Recyclability Rate 0.0 /n   Compliance Reported Timestamp  /n   Calculated Battery Information  /n   WEEE Applicable No /n   Calculated WEEE Classifications  /n   Calculated Substance Classifications  /n   IMDS Calculated Weight 0.0 /n   IMDS Weight Deviation 0.0 /n   IMDS Weight Tolerance 0.0 /n   External Effective Date  /n   Calculated Processes  /n   Unknown Amount No /n   Is Article  /n   Production In European Union  /n   Safe Use Instructions  /n   SCIP Article Category Identity  /n   SCIP Article Name  /n   SCIP Primary Article Identifier  /n   Calculated Substances  /n   Calculated Weight 0.0 /n   Compliance Transition N/A /n   Compliance Transition Date  /n   Compliance Transition Part Number  /n   Contains CFCs No /n   EEE Compliance Indicator Unassigned /n   Enable Compliance Enabled /n   Estimated Production Start Date  /n   External Part Stage Unassigned /n   External Part Version  /n   current state Preliminary /n     status enabled /n     attained 3/11/2023 10:39:25 AM /n     minorrevisionable yes /n     majorrevisionable yes /n     published no /n     versionable no /n     access read,modify,delete,checkout,checkin,lock,unlock,changeowner,promote,demote,revise,changename,changetype,fromconnect,toconnect,fromdisconnect,todisconnect,show,reserve,unreserve,changesov /n   state Review /n     status enabled /n     minorrevisionable yes /n     majorrevisionable yes /n     published no /n     versionable no /n     access read,modify,checkout,checkin,lock,unlock,changeowner,promote,demote,revise,changename,changetype,fromconnect,toconnect,fromdisconnect,todisconnect,show,reserve,unreserve,changesov /n   state Approved /n     status enabled /n     minorrevisionable yes /n     majorrevisionable yes /n     published no /n     versionable yes /n     access read,modify,checkout,checkin,lock,unlock,changeowner,promote,demote,revise,changename,changetype,fromconnect,toconnect,fromdisconnect,todisconnect,show,reserve,unreserve,changesov /n   state Release /n     status enabled /n     minorrevisionable yes /n     majorrevisionable yes /n     published no /n     versionable no /n     access read,checkout,unlock,changeowner,promote,revise,fromconnect,toconnect,fromdisconnect,todisconnect,show,reserve,unreserve,changesov /n   state Obsolete /n     status enabled /n     minorrevisionable yes /n     majorrevisionable yes /n     published no /n     versionable no /n     access read,checkout,unlock,changeowner,toconnect,todisconnect,show,reserve,unreserve,changesov /n   in current state /n     minorrevisionable yes /n     majorrevisionable yes /n     versionable no /n     access read,modify,delete,checkout,checkin,lock,unlock,changeowner,promote,demote,revise,changename,changetype,fromconnect,toconnect,fromdisconnect,todisconnect,show,reserve,unreserve,changesov /n   promotable yes /n   revision list /n     Part Part-0000100-01 A /n   next in sequence B /n   relationship Design Responsibility /n     ID 22513.60399.11261.2531 /n     meaning The Business Object That Contains The Details Of The Physical Part /n     from Company Company Name - /n     Comments  /n     Agreed Unit Price 0.0 /n     RTS ID  /n     Show Sub Components None /n     Show Target Cost No /n     Source Qualification Status Planning /n     Source Selection Status Candidate /n     Sub Component Level  /n   relationship Part Revision /n     ID 22513.60399.11261.2524 /n     meaning Part /n     from Part Master Part-0000100-01 Part /n     Plant ID  /n     Effectivity Date  /n     Production Make Buy Code Unassigned /n     Lot Effectivity  /n     Serial Effectivity  /n     End Item No /n     ERP-Status Unassigned /n     MBOM End Date  /n     MBOM Start Date  /n     MBOM Status Create /n     MCO-In  /n     MCO-Out  /n     RoHS No /n     Sequence 1 /n     isWIPMBOM No /n     Additional Sequence 1 /n   history /n     create - user: 3DEXP01  time: 3/11/2023 10:39:25 AM  state: Preliminary  revisioned from:    /n     modify - user: 3DEXP01  time: 3/11/2023 10:39:25 AM  state: Preliminary  Originator: 3DEXP01  was:  /n     add interface - user: 3DEXP01  time: 3/11/2023 10:39:31 AM  state: Preliminary  interface: Material Compliance /n     connect Part Revision from Part Master Part-0000100-01 Part - user: 3DEXP01  time: 3/11/2023 10:39:34 AM  state: Preliminary /n     connect Design Responsibility from Company Company Name - - user: 3DEXP01  time: 3/11/2023 10:39:34 AM  state: Preliminary /n     change project - user: User Agent  time: 3/11/2023 10:39:34 AM  state: Preliminary  project: Common Space  was: Common Space /n     change organization - user: User Agent  time: 3/11/2023 10:39:34 AM  state: Preliminary  organization: Company Name  was: Company Name /n     modify - user: User Agent  time: 3/11/2023 10:39:34 AM  state: Preliminary  Design Purchase: Design  was:  /n     modify - user: 3DEXP01  time: 3/11/2023 10:39:34 AM  state: Preliminary  isVPMVisible: FALSE  was: TRUE /n     modify - user: 3DEXP01  time: 3/11/2023 10:39:34 AM  state: Preliminary  Release Phase: Development  was: Production /n     modify - user: 3DEXP01  time: 3/11/2023 10:39:34 AM  state: Preliminary  Change Controlled: False  was: True /n     modify - user: 3DEXP01  time: 3/11/2023 10:39:35 AM  state: Preliminary  V_Name: Part-0000100-01  was:&amp;apos;">
      <![CDATA[java.lang.AssertionError: Input XML: testsuites\\TC_105_08\\TC_105_08.xml, Suite:TestPlan, Test Case:TC_105_08, Element Name: RunMQL, AttributeMap : {result=policy EC Part, condition=<, id=runMqlTNR}, Frame Name : 66895771 : Exception For input string: 'BusinessObject Part Part-0000100-01 A /n   lattice eService Production /n   policy EC Part /n   description  /n   created 3/11/2023 10:39:25 AM /n   modified 3/11/2023 10:39:38 AM /n   owner 3DEXP01 /n   organization Company Name /n   project Common Space /n   unlocked /n   locking not enforced /n   Originator 3DEXP01 /n   Weight 0.0 /n   End Item Override Enabled Yes /n   V_Name Part-0000100-01 /n   VPLM Image  /n   isVPMVisible FALSE /n   Lead Time Duration 0.0 /n   UOM Type Proportion /n   Change Controlled False /n   Release Phase Development /n   Part Classification Unassigned /n   Effectivity Date  /n   Estimated Cost 0.0 /n   Material Category Metal /n   Production Make Buy Code Unassigned /n   Service Make Buy Code Unassigned /n   Target Cost 0.0 /n   Unit of Measure EA (each) /n   Spare Part No /n   Current Version 0 /n   Is Version FALSE /n   All Level MBOM Generated FALSE /n   Design Purchase Design /n   End Item No /n   Notes  /n   Calculated Compliances  /n   Import Date  /n   Import File  /n   J-STD-020 Moisture Sensitivity Level Unassigned /n   Last Rollup Timestamp  /n   Maximum Cycles At Maximum Temperature Unassigned /n   Maximum Temperature Rating  /n   Maximum Time At Maximum Temperature 0.0 /n   Modified Timestamp  /n   Part Application  /n   Percent Absolute Weight Deviation 0.0 /n   Percent Measured Contained Recyclate 0.0 /n   Percent Post Consumer Recyclate 0.0 /n   Percent Post Industrial Recyclate 0.0 /n   Percent Released Contained Recyclate 0.0 /n   Polymeric Marking Unassigned /n   Recycling Code Standards  /n   Calculated Exemptions  /n   Reduction Plan No /n   Sample Part Availability Date  /n   Selected Equivalent Method Worst Case /n   Terminal Plating Surface Finish Unassigned /n   Termination Base Alloy Unassigned /n   China RoHS Part Classification  /n   IMDS IDs Status Unset /n   IMDS Component Module ID  /n   IMDS Component Node ID  /n   IMDS Component Version  /n   IMDS Semicomponent Module ID  /n   IMDS Semicomponent Node ID  /n   IMDS Semicomponent Version  /n   IMDS Status Unassigned /n   IMDS IDs Saved State  /n   Annual Number of EU Units Imported 1 /n   Calculated Materials  /n   Calculated Eligible Product Level Applications  /n   Calculated Material Classifications  /n   Calculated Violations  /n   Leaf Part No /n   Calculated Applications Weight  /n   Calculated Substance Classifications Base  /n   Calculated Substances Base  /n   Calculated RRR Materials  /n   Calculated Violations Base  /n   Part RRR Classification  /n   RRR Recoverability Rate 0.0 /n   RRR Recyclability Rate 0.0 /n   Compliance Reported Timestamp  /n   Calculated Battery Information  /n   WEEE Applicable No /n   Calculated WEEE Classifications  /n   Calculated Substance Classifications  /n   IMDS Calculated Weight 0.0 /n   IMDS Weight Deviation 0.0 /n   IMDS Weight Tolerance 0.0 /n   External Effective Date  /n   Calculated Processes  /n   Unknown Amount No /n   Is Article  /n   Production In European Union  /n   Safe Use Instructions  /n   SCIP Article Category Identity  /n   SCIP Article Name  /n   SCIP Primary Article Identifier  /n   Calculated Substances  /n   Calculated Weight 0.0 /n   Compliance Transition N/A /n   Compliance Transition Date  /n   Compliance Transition Part Number  /n   Contains CFCs No /n   EEE Compliance Indicator Unassigned /n   Enable Compliance Enabled /n   Estimated Production Start Date  /n   External Part Stage Unassigned /n   External Part Version  /n   current state Preliminary /n     status enabled /n     attained 3/11/2023 10:39:25 AM /n     minorrevisionable yes /n     majorrevisionable yes /n     published no /n     versionable no /n     access read,modify,delete,checkout,checkin,lock,unlock,changeowner,promote,demote,revise,changename,changetype,fromconnect,toconnect,fromdisconnect,todisconnect,show,reserve,unreserve,changesov /n   state Review /n     status enabled /n     minorrevisionable yes /n     majorrevisionable yes /n     published no /n     versionable no /n     access read,modify,checkout,checkin,lock,unlock,changeowner,promote,demote,revise,changename,changetype,fromconnect,toconnect,fromdisconnect,todisconnect,show,reserve,unreserve,changesov /n   state Approved /n     status enabled /n     minorrevisionable yes /n     majorrevisionable yes /n     published no /n     versionable yes /n     access read,modify,checkout,checkin,lock,unlock,changeowner,promote,demote,revise,changename,changetype,fromconnect,toconnect,fromdisconnect,todisconnect,show,reserve,unreserve,changesov /n   state Release /n     status enabled /n     minorrevisionable yes /n     majorrevisionable yes /n     published no /n     versionable no /n     access read,checkout,unlock,changeowner,promote,revise,fromconnect,toconnect,fromdisconnect,todisconnect,show,reserve,unreserve,changesov /n   state Obsolete /n     status enabled /n     minorrevisionable yes /n     majorrevisionable yes /n     published no /n     versionable no /n     access read,checkout,unlock,changeowner,toconnect,todisconnect,show,reserve,unreserve,changesov /n   in current state /n     minorrevisionable yes /n     majorrevisionable yes /n     versionable no /n     access read,modify,delete,checkout,checkin,lock,unlock,changeowner,promote,demote,revise,changename,changetype,fromconnect,toconnect,fromdisconnect,todisconnect,show,reserve,unreserve,changesov /n   promotable yes /n   revision list /n     Part Part-0000100-01 A /n   next in sequence B /n   relationship Design Responsibility /n     ID 22513.60399.11261.2531 /n     meaning The Business Object That Contains The Details Of The Physical Part /n     from Company Company Name - /n     Comments  /n     Agreed Unit Price 0.0 /n     RTS ID  /n     Show Sub Components None /n     Show Target Cost No /n     Source Qualification Status Planning /n     Source Selection Status Candidate /n     Sub Component Level  /n   relationship Part Revision /n     ID 22513.60399.11261.2524 /n     meaning Part /n     from Part Master Part-0000100-01 Part /n     Plant ID  /n     Effectivity Date  /n     Production Make Buy Code Unassigned /n     Lot Effectivity  /n     Serial Effectivity  /n     End Item No /n     ERP-Status Unassigned /n     MBOM End Date  /n     MBOM Start Date  /n     MBOM Status Create /n     MCO-In  /n     MCO-Out  /n     RoHS No /n     Sequence 1 /n     isWIPMBOM No /n     Additional Sequence 1 /n   history /n     create - user: 3DEXP01  time: 3/11/2023 10:39:25 AM  state: Preliminary  revisioned from:    /n     modify - user: 3DEXP01  time: 3/11/2023 10:39:25 AM  state: Preliminary  Originator: 3DEXP01  was:  /n     add interface - user: 3DEXP01  time: 3/11/2023 10:39:31 AM  state: Preliminary  interface: Material Compliance /n     connect Part Revision from Part Master Part-0000100-01 Part - user: 3DEXP01  time: 3/11/2023 10:39:34 AM  state: Preliminary /n     connect Design Responsibility from Company Company Name - - user: 3DEXP01  time: 3/11/2023 10:39:34 AM  state: Preliminary /n     change project - user: User Agent  time: 3/11/2023 10:39:34 AM  state: Preliminary  project: Common Space  was: Common Space /n     change organization - user: User Agent  time: 3/11/2023 10:39:34 AM  state: Preliminary  organization: Company Name  was: Company Name /n     modify - user: User Agent  time: 3/11/2023 10:39:34 AM  state: Preliminary  Design Purchase: Design  was:  /n     modify - user: 3DEXP01  time: 3/11/2023 10:39:34 AM  state: Preliminary  isVPMVisible: FALSE  was: TRUE /n     modify - user: 3DEXP01  time: 3/11/2023 10:39:34 AM  state: Preliminary  Release Phase: Development  was: Production /n     modify - user: 3DEXP01  time: 3/11/2023 10:39:34 AM  state: Preliminary  Change Controlled: False  was: True /n     modify - user: 3DEXP01  time: 3/11/2023 10:39:35 AM  state: Preliminary  V_Name: Part-0000100-01  was:'
at com.steepgraph.ta.framework.App.main(App.java:351)
at java.util.ArrayList.forEach(Unknown Source)
at com.steepgraph.ta.framework.MasterApp.start(MasterApp.java:214)
at com.steepgraph.ta.framework.Launcher.main(Launcher.java:14)
... Removed 25 stack frames]]>
    </failure>
  </testcase> <!-- main -->
</testsuite> <!-- TC_105_08 -->
