<?xml version="1.0" encoding="UTF-8"?>
<!-- Generated by org.testng.reporters.JUnitXMLReporter -->
<testsuite hostname="LP-T398" ignored="0" name="TC_105_05" tests="1" failures="1" timestamp="2024-01-29T16:01:51 IST" time="11.646" errors="0">
  <testcase name="main" time="10.911" classname="com.steepgraph.ta.framework.App">
    <failure type="java.lang.AssertionError" message="Input XML: testsuites\\TC_105_05\\TC_105_05.xml, Suite:TestPlan, Test Case:TC_105_05, Element Name: RunMQL, AttributeMap : {condition==, id=runMqlTNR}, Frame Name : 70659615 : Exception null">
      <![CDATA[java.lang.AssertionError: Input XML: testsuites\\TC_105_05\\TC_105_05.xml, Suite:TestPlan, Test Case:TC_105_05, Element Name: RunMQL, AttributeMap : {condition==, id=runMqlTNR}, Frame Name : 70659615 : Exception null
at com.steepgraph.ta.framework.App.main(App.java:351)
at java.util.ArrayList.forEach(Unknown Source)
at com.steepgraph.ta.framework.MasterApp.start(MasterApp.java:214)
at com.steepgraph.ta.framework.Launcher.main(Launcher.java:14)
... Removed 25 stack frames]]>
    </failure>
  </testcase> <!-- main -->
</testsuite> <!-- TC_105_05 -->
